This is pdfTeX, Version 3.141592653-2.6-1.40.22 (MiKTeX 21.2) (preloaded format=pdflatex 2021.3.15)  15 MAR 2021 10:02
entering extended mode
**./titlepage.tex
(titlepage.tex
LaTeX2e <2020-10-01> patch level 4
L3 programming layer <2021-02-18> xparse <2020-03-03>
! Undefined control sequence.
l.2 \newgeometry
                {lmargin=26mm,rmargin=26mm}
The control sequence at the end of the top line
of your error message was never \def'ed. If you have
misspelled it (e.g., `\hobx'), type `I' and the correct
spelling (e.g., `I\hbox'). Otherwise just continue,
and I'll forget about whatever was undefined.


! LaTeX Error: Missing \begin{document}.

See the LaTeX manual or LaTeX Companion for explanation.
Type  H <return>  for immediate help.
 ...                                              
                                                  
l.2 \newgeometry{l
                  margin=26mm,rmargin=26mm}
You're in trouble here.  Try typing  <return>  to proceed.
If that doesn't work, type  X <return>  to quit.

Missing character: There is no l in font nullfont!
Missing character: There is no m in font nullfont!
Missing character: There is no a in font nullfont!
Missing character: There is no r in font nullfont!
Missing character: There is no g in font nullfont!
Missing character: There is no i in font nullfont!
Missing character: There is no n in font nullfont!
Missing character: There is no = in font nullfont!
Missing character: There is no 2 in font nullfont!
Missing character: There is no 6 in font nullfont!
Missing character: There is no m in font nullfont!
Missing character: There is no m in font nullfont!
Missing character: There is no , in font nullfont!
Missing character: There is no r in font nullfont!
Missing character: There is no m in font nullfont!
Missing character: There is no a in font nullfont!
Missing character: There is no r in font nullfont!
Missing character: There is no g in font nullfont!
Missing character: There is no i in font nullfont!
Missing character: There is no n in font nullfont!
Missing character: There is no = in font nullfont!
Missing character: There is no 2 in font nullfont!
Missing character: There is no 6 in font nullfont!
Missing character: There is no m in font nullfont!
Missing character: There is no m in font nullfont!

! LaTeX Error: Environment titlepage undefined.

See the LaTeX manual or LaTeX Companion for explanation.
Type  H <return>  for immediate help.
 ...                                              
                                                  
l.3 \begin{titlepage}
                     
Your command was ignored.
Type  I <command> <return>  to replace it with another command,
or  <return>  to continue without it.


Overfull \hbox (20.0pt too wide) in paragraph at lines 2--4
[] 
 []

! Undefined control sequence.
l.5     {{\Large
                {\textsc{Alma Mater Studiorum $\cdot$ Universit\`a di
The control sequence at the end of the top line
of your error message was never \def'ed. If you have
misspelled it (e.g., `\hobx'), type `I' and the correct
spelling (e.g., `I\hbox'). Otherwise just continue,
and I'll forget about whatever was undefined.

LaTeX Font Info:    External font `cmex10' loaded for size
(Font)              <7> on input line 6.
LaTeX Font Info:    External font `cmex10' loaded for size
(Font)              <5> on input line 6.

! LaTeX Error: The font size command \normalsize is not defined:
               there is probably something wrong with the class file.

See the LaTeX manual or LaTeX Companion for explanation.
Type  H <return>  for immediate help.
 ...                                              
                                                  
l.9     {\normalsize
                    {\textsc { Scuola di Ingegneria e Architettura\\
Your command was ignored.
Type  I <command> <return>  to replace it with another command,
or  <return>  to continue without it.


Overfull \hbox (26.87206pt too wide) in paragraph at lines 6--13
 \OT1/cmr/m/sc/10 Alma 
 []


Overfull \hbox (32.86642pt too wide) in paragraph at lines 6--13
 \OT1/cmr/m/sc/10 Mater 
 []


Overfull \hbox (21.93317pt too wide) in paragraph at lines 6--13
 \OT1/cmr/m/sc/10 Stu- 
 []


Overfull \hbox (19.3999pt too wide) in paragraph at lines 6--13
 \OT1/cmr/m/sc/10 dio- 
 []


Overfull \hbox (19.39992pt too wide) in paragraph at lines 6--13
 \OT1/cmr/m/sc/10 rum 
 []


Overfull \hbox (2.77779pt too wide) in paragraph at lines 6--13
 \OMS/cmsy/m/n/10 $ 
 []


Overfull \hbox (21.07207pt too wide) in paragraph at lines 6--13
 \OT1/cmr/m/sc/10 Uni- 
 []


Overfull \hbox (21.511pt too wide) in paragraph at lines 6--13
 \OT1/cmr/m/sc/10 ver- 
 []


Overfull \hbox (19.64435pt too wide) in paragraph at lines 6--13
 \OT1/cmr/m/sc/10 sit[]a 
 []


Overfull \hbox (9.26663pt too wide) in paragraph at lines 6--13
 \OT1/cmr/m/sc/10 di 
 []


Overfull \hbox (44.23032pt too wide) in paragraph at lines 6--13
 \OT1/cmr/m/sc/10 Bologna 
 []


Overfull \hbox (449.55362pt too wide) in paragraph at lines 6--13
 [] 
 []


Overfull \hbox (449.55362pt too wide) in paragraph at lines 6--13
 [] 
 []


Overfull \hbox (35.77757pt too wide) in paragraph at lines 6--13
 \OT1/cmr/m/sc/10 Scuola 
 []


Overfull \hbox (9.26663pt too wide) in paragraph at lines 6--13
 \OT1/cmr/m/sc/10 di 
 []


Overfull \hbox (13.96655pt too wide) in paragraph at lines 6--13
 \OT1/cmr/m/sc/10 In- 
 []


Overfull \hbox (22.17763pt too wide) in paragraph at lines 6--13
 \OT1/cmr/m/sc/10 geg- 
 []


Overfull \hbox (15.4888pt too wide) in paragraph at lines 6--13
 \OT1/cmr/m/sc/10 ne- 
 []


Overfull \hbox (15.17772pt too wide) in paragraph at lines 6--13
 \OT1/cmr/m/sc/10 ria 
 []


Overfull \hbox (5.57774pt too wide) in paragraph at lines 6--13
 \OT1/cmr/m/sc/10 e 
 []


Overfull \hbox (17.93875pt too wide) in paragraph at lines 6--13
 \OT1/cmr/m/sc/10 Ar- 
 []


Overfull \hbox (36.24422pt too wide) in paragraph at lines 6--13
 \OT1/cmr/m/sc/10 chitet- 
 []


Overfull \hbox (24.1999pt too wide) in paragraph at lines 6--13
 \OT1/cmr/m/sc/10 tura 
 []


Overfull \hbox (68.09125pt too wide) in paragraph at lines 13--13
 []\OT1/cmr/m/sc/10 Dipartimento 
 []


Overfull \hbox (9.26663pt too wide) in paragraph at lines 13--13
 \OT1/cmr/m/sc/10 di 
 []


Overfull \hbox (13.96655pt too wide) in paragraph at lines 13--13
 \OT1/cmr/m/sc/10 In- 
 []


Overfull \hbox (21.28879pt too wide) in paragraph at lines 13--13
 \OT1/cmr/m/sc/10 for- 
 []


Overfull \hbox (22.62207pt too wide) in paragraph at lines 13--13
 \OT1/cmr/m/sc/10 mat- 
 []


Overfull \hbox (15.06659pt too wide) in paragraph at lines 13--13
 \OT1/cmr/m/sc/10 ica 
 []


Overfull \hbox (3.77774pt too wide) in paragraph at lines 13--13
 \OT1/cmr/m/sc/10 - 
 []


Overfull \hbox (37.91089pt too wide) in paragraph at lines 13--13
 \OT1/cmr/m/sc/10 Scienza 
 []


Overfull \hbox (5.57774pt too wide) in paragraph at lines 13--13
 \OT1/cmr/m/sc/10 e 
 []


Overfull \hbox (13.96655pt too wide) in paragraph at lines 13--13
 \OT1/cmr/m/sc/10 In- 
 []


Overfull \hbox (22.17763pt too wide) in paragraph at lines 13--13
 \OT1/cmr/m/sc/10 geg- 
 []


Overfull \hbox (15.4888pt too wide) in paragraph at lines 13--13
 \OT1/cmr/m/sc/10 ne- 
 []


Overfull \hbox (15.17772pt too wide) in paragraph at lines 13--13
 \OT1/cmr/m/sc/10 ria 
 []


Overfull \hbox (3.77774pt too wide) in paragraph at lines 13--13
 \OT1/cmr/m/sc/10 - 
 []


Overfull \hbox (31.17206pt too wide) in paragraph at lines 13--13
 []\OT1/cmr/m/sc/10 Corso 
 []


Overfull \hbox (9.26663pt too wide) in paragraph at lines 13--13
 \OT1/cmr/m/sc/10 di 
 []


Overfull \hbox (22.65541pt too wide) in paragraph at lines 13--13
 \OT1/cmr/m/sc/10 Lau- 
 []


Overfull \hbox (17.73326pt too wide) in paragraph at lines 13--13
 \OT1/cmr/m/sc/10 rea 
 []


Overfull \hbox (33.58864pt too wide) in paragraph at lines 13--13
 \OT1/cmr/m/sc/10 Magis- 
 []


Overfull \hbox (28.77763pt too wide) in paragraph at lines 13--13
 \OT1/cmr/m/sc/10 trale 
 []


Overfull \hbox (9.15552pt too wide) in paragraph at lines 13--13
 \OT1/cmr/m/sc/10 in 
 []


Overfull \hbox (13.96655pt too wide) in paragraph at lines 13--13
 \OT1/cmr/m/sc/10 In- 
 []


Overfull \hbox (22.17763pt too wide) in paragraph at lines 13--13
 \OT1/cmr/m/sc/10 geg- 
 []


Overfull \hbox (15.4888pt too wide) in paragraph at lines 13--13
 \OT1/cmr/m/sc/10 ne- 
 []


Overfull \hbox (15.17772pt too wide) in paragraph at lines 13--13
 \OT1/cmr/m/sc/10 ria 
 []


Overfull \hbox (13.96655pt too wide) in paragraph at lines 13--13
 \OT1/cmr/m/sc/10 In- 
 []


Overfull \hbox (21.28879pt too wide) in paragraph at lines 13--13
 \OT1/cmr/m/sc/10 for- 
 []


Overfull \hbox (22.62207pt too wide) in paragraph at lines 13--13
 \OT1/cmr/m/sc/10 mat- 
 []


Overfull \hbox (15.06659pt too wide) in paragraph at lines 13--13
 \OT1/cmr/m/sc/10 ica 
 []

! Undefined control sequence.
l.15 	{\small
             {\sc Anno Accademico 2020/2021}}%inserire l'anno accademico a c...
The control sequence at the end of the top line
of your error message was never \def'ed. If you have
misspelled it (e.g., `\hobx'), type `I' and the correct
spelling (e.g., `I\hbox'). Otherwise just continue,
and I'll forget about whatever was undefined.

! Undefined control sequence.
l.15 	{\small{\sc
                  Anno Accademico 2020/2021}}%inserire l'anno accademico a c...
The control sequence at the end of the top line
of your error message was never \def'ed. If you have
misspelled it (e.g., `\hobx'), type `I' and the correct
spelling (e.g., `I\hbox'). Otherwise just continue,
and I'll forget about whatever was undefined.

Missing character: There is no A in font nullfont!
Missing character: There is no n in font nullfont!
Missing character: There is no n in font nullfont!
Missing character: There is no o in font nullfont!
Missing character: There is no A in font nullfont!
Missing character: There is no c in font nullfont!
Missing character: There is no c in font nullfont!
Missing character: There is no a in font nullfont!
Missing character: There is no d in font nullfont!
Missing character: There is no e in font nullfont!
Missing character: There is no m in font nullfont!
Missing character: There is no i in font nullfont!
Missing character: There is no c in font nullfont!
Missing character: There is no o in font nullfont!
Missing character: There is no 2 in font nullfont!
Missing character: There is no 0 in font nullfont!
Missing character: There is no 2 in font nullfont!
Missing character: There is no 0 in font nullfont!
Missing character: There is no / in font nullfont!
Missing character: There is no 2 in font nullfont!
Missing character: There is no 0 in font nullfont!
Missing character: There is no 2 in font nullfont!
Missing character: There is no 1 in font nullfont!
! Undefined control sequence.
l.19     {\LARGE
                \textbf{- RELAZIONE FINALE -}}\\
The control sequence at the end of the top line
of your error message was never \def'ed. If you have
misspelled it (e.g., `\hobx'), type `I' and the correct
spelling (e.g., `I\hbox'). Otherwise just continue,
and I'll forget about whatever was undefined.


Overfull \hbox (3.83331pt too wide) in paragraph at lines 19--19
 \OT1/cmr/bx/n/10 - 
 []


Overfull \hbox (20.01378pt too wide) in paragraph at lines 19--19
 \OT1/cmr/bx/n/10 RE- 
 []


Overfull \hbox (52.19415pt too wide) in paragraph at lines 19--19
 \OT1/cmr/bx/n/10 LAZIONE 
 []


Overfull \hbox (15.43047pt too wide) in paragraph at lines 19--19
 \OT1/cmr/bx/n/10 FI- 
 []


Overfull \hbox (32.16649pt too wide) in paragraph at lines 19--19
 \OT1/cmr/bx/n/10 NALE 
 []


Overfull \hbox (3.83331pt too wide) in paragraph at lines 19--19
 \OT1/cmr/bx/n/10 - 
 []

! Undefined control sequence.
l.21     {\LARGE
                \textbf{TRASCRIZIONE AUTOMATICA}}\\
The control sequence at the end of the top line
of your error message was never \def'ed. If you have
misspelled it (e.g., `\hobx'), type `I' and the correct
spelling (e.g., `I\hbox'). Otherwise just continue,
and I'll forget about whatever was undefined.


Overfull \hbox (89.58284pt too wide) in paragraph at lines 21--21
 []\OT1/cmr/bx/n/10 TRASCRIZIONE 
 []


Overfull \hbox (21.05544pt too wide) in paragraph at lines 21--21
 \OT1/cmr/bx/n/10 AU- 
 []


Overfull \hbox (20.4721pt too wide) in paragraph at lines 21--21
 \OT1/cmr/bx/n/10 TO- 
 []


Overfull \hbox (30.48595pt too wide) in paragraph at lines 21--21
 \OT1/cmr/bx/n/10 MAT- 
 []


Overfull \hbox (21.361pt too wide) in paragraph at lines 21--21
 \OT1/cmr/bx/n/10 ICA 
 []

! Undefined control sequence.
l.23     {\LARGE
                \textbf{ DI TABLATURE PER CHITARRA}}\\
The control sequence at the end of the top line
of your error message was never \def'ed. If you have
misspelled it (e.g., `\hobx'), type `I' and the correct
spelling (e.g., `I\hbox'). Otherwise just continue,
and I'll forget about whatever was undefined.


Overfull \hbox (13.18048pt too wide) in paragraph at lines 23--23
 \OT1/cmr/bx/n/10 DI 
 []


Overfull \hbox (27.74985pt too wide) in paragraph at lines 23--23
 \OT1/cmr/bx/n/10 TAB- 
 []


Overfull \hbox (19.44434pt too wide) in paragraph at lines 23--23
 \OT1/cmr/bx/n/10 LA- 
 []


Overfull \hbox (33.02759pt too wide) in paragraph at lines 23--23
 \OT1/cmr/bx/n/10 TURE 
 []


Overfull \hbox (24.04153pt too wide) in paragraph at lines 23--23
 \OT1/cmr/bx/n/10 PER 
 []


Overfull \hbox (25.49986pt too wide) in paragraph at lines 23--23
 \OT1/cmr/bx/n/10 CHI- 
 []


Overfull \hbox (41.68033pt too wide) in paragraph at lines 23--23
 \OT1/cmr/bx/n/10 TARRA 
 []

! Undefined control sequence.
l.25     {\LARGE
                {\bf TRAMITE L'USO DI CNN}}\\
The control sequence at the end of the top line
of your error message was never \def'ed. If you have
misspelled it (e.g., `\hobx'), type `I' and the correct
spelling (e.g., `I\hbox'). Otherwise just continue,
and I'll forget about whatever was undefined.

! Undefined control sequence.
l.25     {\LARGE{\bf
                     TRAMITE L'USO DI CNN}}\\
The control sequence at the end of the top line
of your error message was never \def'ed. If you have
misspelled it (e.g., `\hobx'), type `I' and the correct
spelling (e.g., `I\hbox'). Otherwise just continue,
and I'll forget about whatever was undefined.

Missing character: There is no T in font nullfont!
Missing character: There is no R in font nullfont!
Missing character: There is no A in font nullfont!
Missing character: There is no M in font nullfont!
Missing character: There is no I in font nullfont!
Missing character: There is no T in font nullfont!
Missing character: There is no E in font nullfont!
Missing character: There is no L in font nullfont!
Missing character: There is no ' in font nullfont!
Missing character: There is no U in font nullfont!
Missing character: There is no S in font nullfont!
Missing character: There is no O in font nullfont!
Missing character: There is no D in font nullfont!
Missing character: There is no I in font nullfont!
Missing character: There is no C in font nullfont!
Missing character: There is no N in font nullfont!
Missing character: There is no N in font nullfont!
! Undefined control sequence.
l.26     \vspace{10mm} {\large
                              {\sc Corso di Sistemi Digitali M}}
The control sequence at the end of the top line
of your error message was never \def'ed. If you have
misspelled it (e.g., `\hobx'), type `I' and the correct
spelling (e.g., `I\hbox'). Otherwise just continue,
and I'll forget about whatever was undefined.

! Undefined control sequence.
l.26     \vspace{10mm} {\large{\sc
                                   Corso di Sistemi Digitali M}}
The control sequence at the end of the top line
of your error message was never \def'ed. If you have
misspelled it (e.g., `\hobx'), type `I' and the correct
spelling (e.g., `I\hbox'). Otherwise just continue,
and I'll forget about whatever was undefined.

Missing character: There is no C in font nullfont!
Missing character: There is no o in font nullfont!
Missing character: There is no r in font nullfont!
Missing character: There is no s in font nullfont!
Missing character: There is no o in font nullfont!
Missing character: There is no d in font nullfont!
Missing character: There is no i in font nullfont!
Missing character: There is no S in font nullfont!
Missing character: There is no i in font nullfont!
Missing character: There is no s in font nullfont!
Missing character: There is no t in font nullfont!
Missing character: There is no e in font nullfont!
Missing character: There is no m in font nullfont!
Missing character: There is no i in font nullfont!
Missing character: There is no D in font nullfont!
Missing character: There is no i in font nullfont!
Missing character: There is no g in font nullfont!
Missing character: There is no i in font nullfont!
Missing character: There is no t in font nullfont!
Missing character: There is no a in font nullfont!
Missing character: There is no l in font nullfont!
Missing character: There is no i in font nullfont!
Missing character: There is no M in font nullfont!
! Undefined control sequence.
l.32     {\large
                {\sc Gruppo:}\\
The control sequence at the end of the top line
of your error message was never \def'ed. If you have
misspelled it (e.g., `\hobx'), type `I' and the correct
spelling (e.g., `I\hbox'). Otherwise just continue,
and I'll forget about whatever was undefined.

! Undefined control sequence.
l.32     {\large{\sc
                     Gruppo:}\\
The control sequence at the end of the top line
of your error message was never \def'ed. If you have
misspelled it (e.g., `\hobx'), type `I' and the correct
spelling (e.g., `I\hbox'). Otherwise just continue,
and I'll forget about whatever was undefined.

Missing character: There is no G in font nullfont!
Missing character: There is no r in font nullfont!
Missing character: There is no u in font nullfont!
Missing character: There is no p in font nullfont!
Missing character: There is no p in font nullfont!
Missing character: There is no o in font nullfont!
Missing character: There is no : in font nullfont!
! Undefined control sequence.
l.33     {\bf
              \textsc{De Nardi-Tornatore}}}\\
The control sequence at the end of the top line
of your error message was never \def'ed. If you have
misspelled it (e.g., `\hobx'), type `I' and the correct
spelling (e.g., `I\hbox'). Otherwise just continue,
and I'll forget about whatever was undefined.


Underfull \hbox (badness 10000) in paragraph at lines 32--34

 []


! LaTeX Error: \begin{document} ended by \end{titlepage}.

See the LaTeX manual or LaTeX Companion for explanation.
Type  H <return>  for immediate help.
 ...                                              
                                                  
l.36 \end{titlepage}
                    
Your command was ignored.
Type  I <command> <return>  to replace it with another command,
or  <return>  to continue without it.

! Undefined control sequence.
l.37 \restoregeometry
                     
The control sequence at the end of the top line
of your error message was never \def'ed. If you have
misspelled it (e.g., `\hobx'), type `I' and the correct
spelling (e.g., `I\hbox'). Otherwise just continue,
and I'll forget about whatever was undefined.

)
! Emergency stop.
<*> ./titlepage.tex
                   
*** (job aborted, no legal \end found)

 
Here is how much of TeX's memory you used:
 28 strings out of 479334
 546 string characters out of 2855659
 285611 words of memory out of 3000000
 17581 multiletter control sequences out of 15000+200000
 404039 words of font info for 29 fonts, out of 3000000 for 9000
 1141 hyphenation exceptions out of 8191
 20i,3n,15p,111b,157s stack positions out of 5000i,500n,10000p,200000b,50000s
!  ==> Fatal error occurred, no output PDF file produced!
