2021-03-04 21:29:36 | Start modelEvaluate
2021-03-04 21:29:37 | X Test set size: (47256, 192, 9, 1)
2021-03-04 21:29:37 | y Test set size: (47256, 6, 21)
2021-03-04 21:29:39 | test model...
2021-03-04 21:29:46 | evaluate model...
2021-03-04 21:29:50 | Test loss, Test acc: [1.9263350843111835, 0.88813186]
2021-03-04 21:29:50 | save predictions...
2021-03-04 21:29:50 | End modelEvaluate
2021-03-06 19:33:40 | Start modelEvaluate
2021-03-06 19:33:41 | X Test set size: (47256, 192, 9, 1)
2021-03-06 19:33:41 | y Test set size: (47256, 6, 21)
2021-03-06 19:33:42 | test model...
2021-03-06 19:33:46 | evaluate model...
2021-03-06 19:33:50 | Test loss, Test acc: [1.9419714021706957, 0.88707423]
2021-03-06 19:33:50 | save predictions...
2021-03-06 19:33:50 | End modelEvaluate
2021-03-08 23:02:02 | Start modelEvaluate
2021-03-08 23:02:03 | X Test set size: (47256, 192, 9, 1)
2021-03-08 23:02:03 | y Test set size: (47256, 6, 21)
2021-03-08 23:02:04 | test model...
2021-03-08 23:02:10 | evaluate model...
2021-03-08 23:02:14 | Test loss, Test acc: [1.6260207852918485, 0.90655446]
2021-03-08 23:02:14 | save predictions...
2021-03-08 23:02:14 | End modelEvaluate
